0 info it worked if it ends with ok
1 verbose cli [ '/Users/brandonpatterson/.nvm/versions/node/v7.4.0/bin/node',
1 verbose cli   '/Users/brandonpatterson/.nvm/versions/node/v7.4.0/bin/npm',
1 verbose cli   'start' ]
2 info using npm@4.0.5
3 info using node@v7.4.0
4 verbose run-script [ 'prestart', 'start', 'poststart' ]
5 info lifecycle flutter@1.0.0~prestart: flutter@1.0.0
6 silly lifecycle flutter@1.0.0~prestart: no script for prestart, continuing
7 info lifecycle flutter@1.0.0~start: flutter@1.0.0
8 verbose lifecycle flutter@1.0.0~start: unsafe-perm in lifecycle true
9 verbose lifecycle flutter@1.0.0~start: PATH: /Users/brandonpatterson/.nvm/versions/node/v7.4.0/lib/node_modules/npm/bin/node-gyp-bin:/Users/brandonpatterson/htdocs/flutter/node_modules/.bin:/Users/brandonpatterson/perl5/perlbrew/bin:/Users/brandonpatterson/.yarn/bin:/Users/brandonpatterson/.rbenv/shims:/Users/brandonpatterson/.nvm/versions/node/v7.4.0/bin:/usr/local/bin:/usr/bin:/bin:/usr/sbin:/sbin:/Library/Frameworks/Mono.framework/Versions/Current/Commands
10 verbose lifecycle flutter@1.0.0~start: CWD: /Users/brandonpatterson/htdocs/flutter
11 silly lifecycle flutter@1.0.0~start: Args: [ '-c', 'gulp clean && gulp' ]
12 silly lifecycle flutter@1.0.0~start: Returned: code: 1  signal: null
13 info lifecycle flutter@1.0.0~start: Failed to exec start script
14 verbose stack Error: flutter@1.0.0 start: `gulp clean && gulp`
14 verbose stack Exit status 1
14 verbose stack     at EventEmitter.<anonymous> (/Users/brandonpatterson/.nvm/versions/node/v7.4.0/lib/node_modules/npm/lib/utils/lifecycle.js:279:16)
14 verbose stack     at emitTwo (events.js:106:13)
14 verbose stack     at EventEmitter.emit (events.js:191:7)
14 verbose stack     at ChildProcess.<anonymous> (/Users/brandonpatterson/.nvm/versions/node/v7.4.0/lib/node_modules/npm/lib/utils/spawn.js:40:14)
14 verbose stack     at emitTwo (events.js:106:13)
14 verbose stack     at ChildProcess.emit (events.js:191:7)
14 verbose stack     at maybeClose (internal/child_process.js:885:16)
14 verbose stack     at Process.ChildProcess._handle.onexit (internal/child_process.js:226:5)
15 verbose pkgid flutter@1.0.0
16 verbose cwd /Users/brandonpatterson/htdocs/flutter
17 error Darwin 16.5.0
18 error argv "/Users/brandonpatterson/.nvm/versions/node/v7.4.0/bin/node" "/Users/brandonpatterson/.nvm/versions/node/v7.4.0/bin/npm" "start"
19 error node v7.4.0
20 error npm  v4.0.5
21 error code ELIFECYCLE
22 error flutter@1.0.0 start: `gulp clean && gulp`
22 error Exit status 1
23 error Failed at the flutter@1.0.0 start script 'gulp clean && gulp'.
23 error Make sure you have the latest version of node.js and npm installed.
23 error If you do, this is most likely a problem with the flutter package,
23 error not with npm itself.
23 error Tell the author that this fails on your system:
23 error     gulp clean && gulp
23 error You can get information on how to open an issue for this project with:
23 error     npm bugs flutter
23 error Or if that isn't available, you can get their info via:
23 error     npm owner ls flutter
23 error There is likely additional logging output above.
24 verbose exit [ 1, true ]
